app/mapping.txt
# compiler: R8
# compiler_version: 1.5.68
# min_api: 16
# pg_map_id: c834a30
com.shui520it.access.funcion.action.ShuiBaseAction -> b.a.a.a.a.a:
    1:1:boolean isEmpty(java.util.Collection):59:59 -> a
com.shui520it.access.funcion.activity.MainActivity -> com.shui520it.access.funcion.activity.MainActivity:
    java.lang.String[] BASE_PERMISSIONS -> q
    1:1:void <clinit>():28:28 -> <clinit>
    1:1:void <init>():27:27 -> <init>
    1:1:void fullScreen(android.app.Activity):77:77 -> a
    2:3:void fullScreen(android.app.Activity):80:81 -> a
    4:6:void fullScreen(android.app.Activity):85:87 -> a
    7:8:void fullScreen(android.app.Activity):91:92 -> a
    9:10:void fullScreen(android.app.Activity):95:96 -> a
    1:4:void checkHasPermission():58:61 -> m
    5:7:void checkHasPermission():65:67 -> m
    1:1:void onCreate(android.os.Bundle):39:39 -> onCreate
    2:6:void onCreate(android.os.Bundle):41:45 -> onCreate
    1:1:void openAccessibilitySettings(android.view.View):50:50 -> openAccessibilitySettings
    2:4:void openAccessibilitySettings(android.view.View):52:54 -> openAccessibilitySettings
com.shui520it.access.funcion.pool.ShuiRunnableImpl -> b.a.a.a.b.a:
    java.lang.ref.WeakReference serviceReference -> b
    1:2:void <init>(android.accessibilityservice.AccessibilityService):51:52 -> <init>
    1:7:boolean isAlreadyInRedKeyDetailPager(android.view.accessibility.AccessibilityNodeInfo):134:140 -> a
    8:8:boolean isMainPager():184:184 -> a
    9:9:boolean isMainPager():188:188 -> a
    10:12:boolean isMainPager():192:194 -> a
    1:1:boolean isAlreadyInRedKeyResultPager(android.view.accessibility.AccessibilityNodeInfo):154:154 -> b
    2:4:boolean isAlreadyInRedKeyResultPager(android.view.accessibility.AccessibilityNodeInfo):159:161 -> b
    5:7:boolean isAlreadyInRedKeyResultPager(android.view.accessibility.AccessibilityNodeInfo):164:166 -> b
    8:9:boolean isAlreadyInRedKeyResultPager(android.view.accessibility.AccessibilityNodeInfo):170:171 -> b
    1:2:void run():57:58 -> run
    3:3:void run():60:60 -> run
    4:5:void run():64:65 -> run
    6:9:void run():69:72 -> run
    10:10:void run():74:74 -> run
    11:11:void run():77:77 -> run
    12:17:void run():79:84 -> run
    18:18:void run():86:86 -> run
    19:20:void run():90:91 -> run
    21:22:void run():96:97 -> run
    23:23:void run():99:99 -> run
    24:27:void run():103:106 -> run
    28:28:void run():108:108 -> run
    29:30:void run():92:93 -> run
    31:31:void run():111:111 -> run
    32:32:void run():114:114 -> run
    33:33:void run():118:118 -> run
    34:34:void run():121:121 -> run
com.shui520it.access.funcion.pool.ShuiThreadPool -> b.a.a.a.b.b:
    com.shui520it.access.funcion.pool.ShuiThreadPool INSTANCE -> c
    boolean mRunnable -> b
    java.util.concurrent.ExecutorService executorService -> a
    1:1:void <init>():16:16 -> <init>
    2:2:void <init>():14:14 -> <init>
    3:3:void <init>():17:17 -> <init>
    1:2:void init():32:33 -> a
    3:5:void execute(java.lang.Runnable):38:40 -> a
    6:6:void execute(java.lang.Runnable):42:42 -> a
    1:2:void shutdown():45:46 -> b
    3:3:void shutdown():48:48 -> b
    1:4:com.shui520it.access.funcion.pool.ShuiThreadPool get():21:24 -> c
    5:5:com.shui520it.access.funcion.pool.ShuiThreadPool get():26:26 -> c
    6:6:com.shui520it.access.funcion.pool.ShuiThreadPool get():28:28 -> c
com.shui520it.access.funcion.service.ShuiService -> com.shui520it.access.funcion.service.ShuiService:
    1:1:void <init>():15:15 -> <init>
    1:1:void onAccessibilityEvent(android.view.accessibility.AccessibilityEvent):36:36 -> onAccessibilityEvent
    2:2:void onAccessibilityEvent(android.view.accessibility.AccessibilityEvent):38:38 -> onAccessibilityEvent
    1:3:void onCreate():19:21 -> onCreate
    1:3:void onDestroy():48:50 -> onDestroy
    1:3:int onStartCommand(android.content.Intent,int,int):26:28 -> onStartCommand
...
androidx.fragment.app.FragmentManagerImpl$FragmentLifecycleCallbacksHolder -> a.g.a.i$j:
    boolean mRecursive -> b
    androidx.fragment.app.FragmentManager$FragmentLifecycleCallbacks mCallback -> a
androidx.fragment.app.FragmentManagerImpl$FragmentTag -> a.g.a.i$k:
    int[] Fragment -> a
    1:1:void <clinit>():3800:3800 -> <clinit>
androidx.fragment.app.FragmentManagerImpl$OpGenerator -> a.g.a.i$l:
    boolean generateOps(java.util.ArrayList,java.util.ArrayList) -> a
androidx.fragment.app.FragmentManagerImpl$StartEnterTransitionListener -> a.g.a.i$m:
    boolean mIsBack -> a
    int mNumPostponed -> c
    androidx.fragment.app.BackStackRecord mRecord -> b
    1:3:void <init>(androidx.fragment.app.BackStackRecord,boolean):3873:3875 -> <init>
    1:2:void onStartEnterTransition():3885:3886 -> a
    3:3:void onStartEnterTransition():3889:3889 -> a
    1:1:void startListening():3899:3899 -> b
    1:1:void cancelTransaction():3934:3934 -> c
    1:3:void completeTransaction():3916:3918 -> d
    4:7:void completeTransaction():3920:3923 -> d
    8:8:void completeTransaction():3926:3926 -> d
    1:1:boolean isReady():3906:3906 -> e
androidx.fragment.app.FragmentManagerNonConfig -> a.g.a.j:
    java.util.List mChildNonConfigs -> b
    java.util.List mFragments -> a
    java.util.List mViewModelStores -> c
    1:4:void <init>(java.util.List,java.util.List,java.util.List):42:45 -> <init>
    1:1:java.util.List getChildNonConfigs():59:59 -> a
    1:1:java.util.List getFragments():52:52 -> b
    1:1:java.util.List getViewModelStores():66:66 -> c
androidx.fragment.app.FragmentManagerState -> a.g.a.k:
    androidx.fragment.app.FragmentState[] mActive -> b
    int[] mAdded -> c
    int mNextFragmentIndex -> f
    int mPrimaryNavActiveIndex -> e
    androidx.fragment.app.BackStackState[] mBackStack -> d
    1:1:void <clinit>():646:646 -> <clinit>
    1:1:void <init>():621:621 -> <init>
    2:2:void <init>():618:618 -> <init>
    3:3:void <init>(android.os.Parcel):624:624 -> <init>
    4:4:void <init>(android.os.Parcel):618:618 -> <init>
    5:9:void <init>(android.os.Parcel):625:629 -> <init>
    1:5:void writeToParcel(android.os.Parcel,int):639:643 -> writeToParcel
androidx.fragment.app.FragmentManagerState$1 -> a.g.a.k$a:
    1:1:void <init>():647:647 -> <init>
    1:1:java.lang.Object createFromParcel(android.os.Parcel):647:647 -> createFromParcel
    2:2:androidx.fragment.app.FragmentManagerState createFromParcel(android.os.Parcel):650:650 -> createFromParcel
    1:1:java.lang.Object[] newArray(int):647:647 -> newArray
    2:2:androidx.fragment.app.FragmentManagerState[] newArray(int):655:655 -> newArray